<?xml version="1.0" encoding="UTF-8"?>
<!-- Generated by org.testng.reporters.JUnitReportReporter -->
<testsuite hostname="b-Sat-M645" name="com.vitalsource.tests.LoginLogOutVitalSourceTest" tests="1" failures="0" timestamp="29 Aug 2016 17:41:43 GMT" time="54.080" errors="0">
  <testcase name="signIn" time="54.080" classname="com.vitalsource.tests.LoginLogOutVitalSourceTest"/>
</testsuite>
