<?xml version="1.0" encoding="UTF-8"?>
<!-- Generated by org.testng.reporters.JUnitReportReporter -->
<testsuite hostname="b-Sat-M645" name="com.vitalsource.tests.CheckBookTest" tests="1" failures="1" timestamp="26 Aug 2016 17:01:49 GMT" time="14.272" errors="0">
  <testcase name="CheckBook" time="14.272" classname="com.vitalsource.tests.CheckBookTest">
    <failure type="java.lang.NoSuchMethodError" message="com.vitalsource.pages.BookPage.&lt;init&gt;(Lorg/openqa/selenium/WebDriver;Z[Ljava/lang/String;)V">
      <![CDATA[java.lang.NoSuchMethodError: com.vitalsource.pages.BookPage.<init>(Lorg/openqa/selenium/WebDriver;Z[Ljava/lang/String;)V
	at com.vitalsource.tests.CheckBookTest.CheckBook(CheckBookTest.java:34)
	at sun.reflect.NativeMethodAccessorImpl.invoke0(Native Method)
	at sun.reflect.NativeMethodAccessorImpl.invoke(NativeMethodAccessorImpl.java:62)
	at sun.reflect.DelegatingMethodAccessorImpl.invoke(DelegatingMethodAccessorImpl.java:43)
	at java.lang.reflect.Method.invoke(Method.java:498)
	at org.testng.internal.MethodInvocationHelper.invokeMethod(MethodInvocationHelper.java:80)
	at org.testng.internal.Invoker.invokeMethod(Invoker.java:691)
	at org.testng.internal.Invoker.invokeTestMethod(Invoker.java:883)
	at org.testng.internal.Invoker.invokeTestMethods(Invoker.java:1208)
	at org.testng.internal.TestMethodWorker.invokeTestMethods(TestMethodWorker.java:127)
	at org.testng.internal.TestMethodWorker.run(TestMethodWorker.java:111)
	at java.util.concurrent.ThreadPoolExecutor.runWorker(ThreadPoolExecutor.java:1142)
	at java.util.concurrent.ThreadPoolExecutor$Worker.run(ThreadPoolExecutor.java:617)
	at java.lang.Thread.run(Thread.java:745)
]]>
    </failure>
  </testcase>
</testsuite>
