<?xml version="1.0" encoding="UTF-8"?>
<!-- Generated by org.testng.reporters.JUnitReportReporter -->
<testsuite hostname="b-Sat-M645" name="com.vitalsource.tests.ReedemCodeTest" tests="1" failures="0" timestamp="29 Aug 2016 13:12:51 GMT" time="32.041" errors="0">
  <testcase name="ReedemCode" time="32.041" classname="com.vitalsource.tests.ReedemCodeTest"/>
</testsuite>
