<?xml version="1.0" encoding="UTF-8"?>
<!-- Generated by org.testng.reporters.JUnitReportReporter -->
<testsuite hostname="b-Sat-M645" name="com.vitalsource.tests.LoginLogOut" tests="1" failures="0" timestamp="25 Aug 2016 15:33:58 GMT" time="9.827" errors="0">
  <testcase name="Login" time="9.827" classname="com.vitalsource.tests.LoginLogOut"/>
</testsuite>
