<?xml version="1.0" encoding="UTF-8"?>
<!-- Generated by org.testng.reporters.JUnitReportReporter -->
<testsuite hostname="b-Sat-M645" name="com.vitalsource.tests.LoginLogOutBookShelfTest" tests="2" failures="0" timestamp="29 Aug 2016 18:51:05 GMT" time="19.613" errors="0">
  <testcase name="LogOut" time="2.863" classname="com.vitalsource.tests.LoginLogOutBookShelfTest"/>
  <testcase name="signIn" time="16.750" classname="com.vitalsource.tests.LoginLogOutBookShelfTest"/>
</testsuite>
