<?xml version="1.0" encoding="UTF-8"?>
<!-- Generated by org.testng.reporters.JUnitReportReporter -->
<testsuite hostname="b-Sat-M645" name="com.vitalsource.tests.UnSuccessfulLogInTest" tests="1" failures="0" timestamp="29 Aug 2016 17:36:05 GMT" time="40.479" errors="0">
  <testcase name="UnSuccessfulLogIn" time="40.479" classname="com.vitalsource.tests.UnSuccessfulLogInTest"/>
</testsuite>
